2013-12-05 21:06:48 3928 [Note] Plugin 'FEDERATED' is disabled.
2013-12-05 21:06:48 3928 [Note] InnoDB: The InnoDB memory heap is disabled
2013-12-05 21:06:48 3928 [Note] InnoDB: Mutexes and rw_locks use Windows interlocked functions
2013-12-05 21:06:48 3928 [Note] InnoDB: Compressed tables use zlib 1.2.3
2013-12-05 21:06:48 3928 [Note] InnoDB: Not using CPU crc32 instructions
2013-12-05 21:06:48 3928 [Note] InnoDB: Initializing buffer pool, total size = 128.0M, instances = 1
2013-12-05 21:06:48 3928 [Note] InnoDB: Completed initialization of buffer pool
2013-12-05 21:06:48 3928 [Note] InnoDB: Highest supported file format is Barracuda.
2013-12-05 21:06:51 3928 [Note] InnoDB: Creating shared tablespace for temporary tables
2013-12-05 21:06:51 3928 [Note] InnoDB: Setting file ".\ibtmp1" size to 12 MB
2013-12-05 21:06:51 3928 [Note] InnoDB: Database physically writes the file full: wait ...
2013-12-05 21:06:52 3928 [Note] InnoDB: 128 rollback segment(s) are active.
2013-12-05 21:06:52 3928 [Note] InnoDB: Waiting for purge to start
2013-12-05 21:06:52 3928 [Note] InnoDB: 5.7.1 started; log sequence number 4893146
2013-12-05 21:06:52 3928 [Note] Server hostname (bind-address): '*'; port: 3306
2013-12-05 21:06:52 3928 [Note] IPv6 is available.
2013-12-05 21:06:52 3928 [Note]   - '::' resolves to '::';
2013-12-05 21:06:52 3928 [Note] Server socket created on IP: '::'.
2013-12-05 21:06:53 3928 [Note] Event Scheduler: Loaded 0 events
2013-12-05 21:06:53 3928 [Note] D:\Program Files\upupw\MySQL\bin\mysqld.exe: ready for connections.
Version: '5.7.1-m11'  socket: ''  port: 3306  MySQL Community Server (GPL)
2013-12-05 22:18:32 3928 [Note] D:\Program Files\upupw\MySQL\bin\mysqld.exe: Normal shutdown

2013-12-05 22:18:32 3928 [Note] Giving 0 client threads a chance to die gracefully
2013-12-05 22:18:32 3928 [Note] Shutting down slave threads
2013-12-05 22:18:32 3928 [Note] Forcefully disconnecting 0 remaining clients
2013-12-05 22:18:32 3928 [Note] Event Scheduler: Purging the queue. 0 events
2013-12-05 22:18:33 3928 [Note] Binlog end
2013-12-05 22:18:34 3928 [Note] Shutting down plugin 'partition'
2013-12-05 22:18:34 3928 [Note] Shutting down plugin 'PERFORMANCE_SCHEMA'
2013-12-05 22:18:34 3928 [Note] Shutting down plugin 'INNODB_SYS_DATAFILES'
2013-12-05 22:18:34 3928 [Note] Shutting down plugin 'INNODB_SYS_TABLESPACES'
2013-12-05 22:18:34 3928 [Note] Shutting down plugin 'INNODB_SYS_FOREIGN_COLS'
2013-12-05 22:18:34 3928 [Note] Shutting down plugin 'INNODB_SYS_FOREIGN'
2013-12-05 22:18:34 3928 [Note] Shutting down plugin 'INNODB_SYS_FIELDS'
2013-12-05 22:18:34 3928 [Note] Shutting down plugin 'INNODB_SYS_COLUMNS'
2013-12-05 22:18:34 3928 [Note] Shutting down plugin 'INNODB_SYS_INDEXES'
2013-12-05 22:18:34 3928 [Note] Shutting down plugin 'INNODB_SYS_TABLESTATS'
2013-12-05 22:18:34 3928 [Note] Shutting down plugin 'INNODB_SYS_TABLES'
2013-12-05 22:18:34 3928 [Note] Shutting down plugin 'INNODB_FT_INDEX_TABLE'
2013-12-05 22:18:34 3928 [Note] Shutting down plugin 'INNODB_FT_INDEX_CACHE'
2013-12-05 22:18:34 3928 [Note] Shutting down plugin 'INNODB_FT_CONFIG'
2013-12-05 22:18:34 3928 [Note] Shutting down plugin 'INNODB_FT_BEING_DELETED'
2013-12-05 22:18:34 3928 [Note] Shutting down plugin 'INNODB_FT_DELETED'
2013-12-05 22:18:34 3928 [Note] Shutting down plugin 'INNODB_FT_DEFAULT_STOPWORD'
2013-12-05 22:18:34 3928 [Note] Shutting down plugin 'INNODB_METRICS'
2013-12-05 22:18:34 3928 [Note] Shutting down plugin 'INNODB_TEMP_TABLE_INFO'
2013-12-05 22:18:34 3928 [Note] Shutting down plugin 'INNODB_BUFFER_POOL_STATS'
2013-12-05 22:18:34 3928 [Note] Shutting down plugin 'INNODB_BUFFER_PAGE_LRU'
2013-12-05 22:18:34 3928 [Note] Shutting down plugin 'INNODB_BUFFER_PAGE'
2013-12-05 22:18:34 3928 [Note] Shutting down plugin 'INNODB_CMP_PER_INDEX_RESET'
2013-12-05 22:18:34 3928 [Note] Shutting down plugin 'INNODB_CMP_PER_INDEX'
2013-12-05 22:18:34 3928 [Note] Shutting down plugin 'INNODB_CMPMEM_RESET'
2013-12-05 22:18:34 3928 [Note] Shutting down plugin 'INNODB_CMPMEM'
2013-12-05 22:18:34 3928 [Note] Shutting down plugin 'INNODB_CMP_RESET'
2013-12-05 22:18:34 3928 [Note] Shutting down plugin 'INNODB_CMP'
2013-12-05 22:18:34 3928 [Note] Shutting down plugin 'INNODB_LOCK_WAITS'
2013-12-05 22:18:34 3928 [Note] Shutting down plugin 'INNODB_LOCKS'
2013-12-05 22:18:34 3928 [Note] Shutting down plugin 'INNODB_TRX'
2013-12-05 22:18:34 3928 [Note] Shutting down plugin 'InnoDB'
2013-12-05 22:18:34 3928 [Note] InnoDB: FTS optimize thread exiting.
2013-12-05 22:18:34 3928 [Note] InnoDB: Starting shutdown...
2013-12-05 22:18:36 3928 [Note] InnoDB: Shutdown completed; log sequence number 5128411
2013-12-05 22:18:36 3928 [Note] InnoDB: Removed temporary tablespace data file: "ibtmp1"
2013-12-05 22:18:36 3928 [Note] Shutting down plugin 'BLACKHOLE'
2013-12-05 22:18:36 3928 [Note] Shutting down plugin 'ARCHIVE'
2013-12-05 22:18:36 3928 [Note] Shutting down plugin 'MRG_MYISAM'
2013-12-05 22:18:36 3928 [Note] Shutting down plugin 'MyISAM'
2013-12-05 22:18:36 3928 [Note] Shutting down plugin 'MEMORY'
2013-12-05 22:18:36 3928 [Note] Shutting down plugin 'CSV'
2013-12-05 22:18:36 3928 [Note] Shutting down plugin 'sha256_password'
2013-12-05 22:18:36 3928 [Note] Shutting down plugin 'mysql_old_password'
2013-12-05 22:18:36 3928 [Note] Shutting down plugin 'mysql_native_password'
2013-12-05 22:18:36 3928 [Note] Shutting down plugin 'binlog'
2013-12-05 22:18:36 3928 [Note] D:\Program Files\upupw\MySQL\bin\mysqld.exe: Shutdown complete

2013-12-15 20:47:40 4388 [Note] Plugin 'FEDERATED' is disabled.
2013-12-15 20:47:40 4388 [Note] InnoDB: The InnoDB memory heap is disabled
2013-12-15 20:47:40 4388 [Note] InnoDB: Mutexes and rw_locks use Windows interlocked functions
2013-12-15 20:47:40 4388 [Note] InnoDB: Compressed tables use zlib 1.2.3
2013-12-15 20:47:40 4388 [Note] InnoDB: Not using CPU crc32 instructions
2013-12-15 20:47:40 4388 [Note] InnoDB: Initializing buffer pool, total size = 128.0M, instances = 1
2013-12-15 20:47:40 4388 [Note] InnoDB: Completed initialization of buffer pool
2013-12-15 20:47:40 4388 [Note] InnoDB: Highest supported file format is Barracuda.
2013-12-15 20:47:42 4388 [Note] InnoDB: Creating shared tablespace for temporary tables
2013-12-15 20:47:42 4388 [Note] InnoDB: Setting file ".\ibtmp1" size to 12 MB
2013-12-15 20:47:42 4388 [Note] InnoDB: Database physically writes the file full: wait ...
2013-12-15 20:47:42 4388 [Note] InnoDB: 128 rollback segment(s) are active.
2013-12-15 20:47:42 4388 [Note] InnoDB: Waiting for purge to start
2013-12-15 20:47:42 4388 [Note] InnoDB: 5.7.1 started; log sequence number 5128411
2013-12-15 20:47:42 4388 [Note] Server hostname (bind-address): '*'; port: 3306
2013-12-15 20:47:42 4388 [Note] IPv6 is available.
2013-12-15 20:47:42 4388 [Note]   - '::' resolves to '::';
2013-12-15 20:47:42 4388 [Note] Server socket created on IP: '::'.
2013-12-15 20:47:48 4388 [Note] Event Scheduler: Loaded 0 events
2013-12-15 20:47:48 4388 [Note] D:\Program Files\upupw\MySQL\bin\mysqld.exe: ready for connections.
Version: '5.7.1-m11'  socket: ''  port: 3306  MySQL Community Server (GPL)
2013-12-15 22:02:02 4388 [Note] D:\Program Files\upupw\MySQL\bin\mysqld.exe: Normal shutdown

2013-12-15 22:02:03 4388 [Note] Giving 0 client threads a chance to die gracefully
2013-12-15 22:02:03 4388 [Note] Shutting down slave threads
2013-12-15 22:02:03 4388 [Note] Forcefully disconnecting 0 remaining clients
2013-12-15 22:02:03 4388 [Note] Event Scheduler: Purging the queue. 0 events
2013-12-15 22:02:03 4388 [Note] Binlog end
2013-12-15 22:02:13 4388 [Note] Shutting down plugin 'partition'
2013-12-15 22:02:13 4388 [Note] Shutting down plugin 'PERFORMANCE_SCHEMA'
2013-12-15 22:02:13 4388 [Note] Shutting down plugin 'INNODB_SYS_DATAFILES'
2013-12-15 22:02:13 4388 [Note] Shutting down plugin 'INNODB_SYS_TABLESPACES'
2013-12-15 22:02:13 4388 [Note] Shutting down plugin 'INNODB_SYS_FOREIGN_COLS'
2013-12-15 22:02:13 4388 [Note] Shutting down plugin 'INNODB_SYS_FOREIGN'
2013-12-15 22:02:13 4388 [Note] Shutting down plugin 'INNODB_SYS_FIELDS'
2013-12-15 22:02:13 4388 [Note] Shutting down plugin 'INNODB_SYS_COLUMNS'
2013-12-15 22:02:13 4388 [Note] Shutting down plugin 'INNODB_SYS_INDEXES'
2013-12-15 22:02:13 4388 [Note] Shutting down plugin 'INNODB_SYS_TABLESTATS'
2013-12-15 22:02:13 4388 [Note] Shutting down plugin 'INNODB_SYS_TABLES'
2013-12-15 22:02:13 4388 [Note] Shutting down plugin 'INNODB_FT_INDEX_TABLE'
2013-12-15 22:02:13 4388 [Note] Shutting down plugin 'INNODB_FT_INDEX_CACHE'
2013-12-15 22:02:13 4388 [Note] Shutting down plugin 'INNODB_FT_CONFIG'
2013-12-15 22:02:13 4388 [Note] Shutting down plugin 'INNODB_FT_BEING_DELETED'
2013-12-15 22:02:13 4388 [Note] Shutting down plugin 'INNODB_FT_DELETED'
2013-12-15 22:02:13 4388 [Note] Shutting down plugin 'INNODB_FT_DEFAULT_STOPWORD'
2013-12-15 22:02:13 4388 [Note] Shutting down plugin 'INNODB_METRICS'
2013-12-15 22:02:13 4388 [Note] Shutting down plugin 'INNODB_TEMP_TABLE_INFO'
2013-12-15 22:02:13 4388 [Note] Shutting down plugin 'INNODB_BUFFER_POOL_STATS'
2013-12-15 22:02:13 4388 [Note] Shutting down plugin 'INNODB_BUFFER_PAGE_LRU'
2013-12-15 22:02:13 4388 [Note] Shutting down plugin 'INNODB_BUFFER_PAGE'
2013-12-15 22:02:13 4388 [Note] Shutting down plugin 'INNODB_CMP_PER_INDEX_RESET'
2013-12-15 22:02:13 4388 [Note] Shutting down plugin 'INNODB_CMP_PER_INDEX'
2013-12-15 22:02:13 4388 [Note] Shutting down plugin 'INNODB_CMPMEM_RESET'
2013-12-15 22:02:13 4388 [Note] Shutting down plugin 'INNODB_CMPMEM'
2013-12-15 22:02:13 4388 [Note] Shutting down plugin 'INNODB_CMP_RESET'
2013-12-15 22:02:13 4388 [Note] Shutting down plugin 'INNODB_CMP'
2013-12-15 22:02:13 4388 [Note] Shutting down plugin 'INNODB_LOCK_WAITS'
2013-12-15 22:02:13 4388 [Note] Shutting down plugin 'INNODB_LOCKS'
2013-12-15 22:02:13 4388 [Note] Shutting down plugin 'INNODB_TRX'
2013-12-15 22:02:13 4388 [Note] Shutting down plugin 'InnoDB'
2013-12-15 22:02:13 4388 [Note] InnoDB: FTS optimize thread exiting.
2013-12-15 22:02:13 4388 [Note] InnoDB: Starting shutdown...
2013-12-15 22:02:44 4388 [Note] InnoDB: Shutdown completed; log sequence number 5157627
2013-12-15 22:02:44 4388 [Note] InnoDB: Removed temporary tablespace data file: "ibtmp1"
2013-12-15 22:02:44 4388 [Note] Shutting down plugin 'BLACKHOLE'
2013-12-15 22:02:44 4388 [Note] Shutting down plugin 'ARCHIVE'
2013-12-15 22:02:44 4388 [Note] Shutting down plugin 'MRG_MYISAM'
2013-12-15 22:02:44 4388 [Note] Shutting down plugin 'MyISAM'
2013-12-15 22:02:44 4388 [Note] Shutting down plugin 'MEMORY'
2013-12-15 22:02:44 4388 [Note] Shutting down plugin 'CSV'
2013-12-15 22:02:44 4388 [Note] Shutting down plugin 'sha256_password'
2013-12-15 22:02:44 4388 [Note] Shutting down plugin 'mysql_old_password'
2013-12-15 22:02:44 4388 [Note] Shutting down plugin 'mysql_native_password'
2013-12-15 22:02:44 4388 [Note] Shutting down plugin 'binlog'
2013-12-15 22:02:46 4388 [Note] D:\Program Files\upupw\MySQL\bin\mysqld.exe: Shutdown complete

2014-02-04 11:32:11 4844 [Note] Plugin 'FEDERATED' is disabled.
2014-02-04 11:32:13 4844 [Note] InnoDB: The InnoDB memory heap is disabled
2014-02-04 11:32:13 4844 [Note] InnoDB: Mutexes and rw_locks use Windows interlocked functions
2014-02-04 11:32:13 4844 [Note] InnoDB: Compressed tables use zlib 1.2.3
2014-02-04 11:32:13 4844 [Note] InnoDB: Not using CPU crc32 instructions
2014-02-04 11:32:13 4844 [Note] InnoDB: Initializing buffer pool, total size = 128.0M, instances = 1
2014-02-04 11:32:14 4844 [Note] InnoDB: Completed initialization of buffer pool
2014-02-04 11:32:14 4844 [Note] InnoDB: Highest supported file format is Barracuda.
2014-02-04 11:32:39 4844 [Note] InnoDB: Creating shared tablespace for temporary tables
2014-02-04 11:32:39 4844 [Note] InnoDB: Setting file ".\ibtmp1" size to 12 MB
2014-02-04 11:32:39 4844 [Note] InnoDB: Database physically writes the file full: wait ...
2014-02-04 11:32:41 4844 [Note] InnoDB: 128 rollback segment(s) are active.
2014-02-04 11:32:42 4844 [Note] InnoDB: Waiting for purge to start
2014-02-04 11:32:42 4844 [Note] InnoDB: 5.7.1 started; log sequence number 6111376
2014-02-04 11:32:42 4844 [Note] Server hostname (bind-address): '*'; port: 3306
2014-02-04 11:32:42 4844 [Note] IPv6 is available.
2014-02-04 11:32:42 4844 [Note]   - '::' resolves to '::';
2014-02-04 11:32:42 4844 [Note] Server socket created on IP: '::'.
2014-02-04 11:32:52 4844 [Note] Event Scheduler: Loaded 0 events
2014-02-04 11:32:52 4844 [Note] D:\Program Files\upupw\MySQL\bin\mysqld.exe: ready for connections.
Version: '5.7.1-m11'  socket: ''  port: 3306  MySQL Community Server (GPL)
2014-02-04 20:22:17 4844 [Note] D:\Program Files\upupw\MySQL\bin\mysqld.exe: Normal shutdown

2014-02-04 20:22:17 4844 [Note] Giving 0 client threads a chance to die gracefully
2014-02-04 20:22:17 4844 [Note] Shutting down slave threads
2014-02-04 20:22:17 4844 [Note] Forcefully disconnecting 0 remaining clients
2014-02-04 20:22:17 4844 [Note] Event Scheduler: Purging the queue. 0 events
2014-02-04 20:22:17 4844 [Note] Binlog end
2014-02-04 20:22:20 4844 [Note] Shutting down plugin 'partition'
2014-02-04 20:22:20 4844 [Note] Shutting down plugin 'PERFORMANCE_SCHEMA'
2014-02-04 20:22:20 4844 [Note] Shutting down plugin 'INNODB_SYS_DATAFILES'
2014-02-04 20:22:20 4844 [Note] Shutting down plugin 'INNODB_SYS_TABLESPACES'
2014-02-04 20:22:20 4844 [Note] Shutting down plugin 'INNODB_SYS_FOREIGN_COLS'
2014-02-04 20:22:20 4844 [Note] Shutting down plugin 'INNODB_SYS_FOREIGN'
2014-02-04 20:22:20 4844 [Note] Shutting down plugin 'INNODB_SYS_FIELDS'
2014-02-04 20:22:20 4844 [Note] Shutting down plugin 'INNODB_SYS_COLUMNS'
2014-02-04 20:22:20 4844 [Note] Shutting down plugin 'INNODB_SYS_INDEXES'
2014-02-04 20:22:20 4844 [Note] Shutting down plugin 'INNODB_SYS_TABLESTATS'
2014-02-04 20:22:20 4844 [Note] Shutting down plugin 'INNODB_SYS_TABLES'
2014-02-04 20:22:20 4844 [Note] Shutting down plugin 'INNODB_FT_INDEX_TABLE'
2014-02-04 20:22:20 4844 [Note] Shutting down plugin 'INNODB_FT_INDEX_CACHE'
2014-02-04 20:22:20 4844 [Note] Shutting down plugin 'INNODB_FT_CONFIG'
2014-02-04 20:22:20 4844 [Note] Shutting down plugin 'INNODB_FT_BEING_DELETED'
2014-02-04 20:22:20 4844 [Note] Shutting down plugin 'INNODB_FT_DELETED'
2014-02-04 20:22:20 4844 [Note] Shutting down plugin 'INNODB_FT_DEFAULT_STOPWORD'
2014-02-04 20:22:20 4844 [Note] Shutting down plugin 'INNODB_METRICS'
2014-02-04 20:22:20 4844 [Note] Shutting down plugin 'INNODB_TEMP_TABLE_INFO'
2014-02-04 20:22:20 4844 [Note] Shutting down plugin 'INNODB_BUFFER_POOL_STATS'
2014-02-04 20:22:20 4844 [Note] Shutting down plugin 'INNODB_BUFFER_PAGE_LRU'
2014-02-04 20:22:20 4844 [Note] Shutting down plugin 'INNODB_BUFFER_PAGE'
2014-02-04 20:22:20 4844 [Note] Shutting down plugin 'INNODB_CMP_PER_INDEX_RESET'
2014-02-04 20:22:20 4844 [Note] Shutting down plugin 'INNODB_CMP_PER_INDEX'
2014-02-04 20:22:20 4844 [Note] Shutting down plugin 'INNODB_CMPMEM_RESET'
2014-02-04 20:22:20 4844 [Note] Shutting down plugin 'INNODB_CMPMEM'
2014-02-04 20:22:20 4844 [Note] Shutting down plugin 'INNODB_CMP_RESET'
2014-02-04 20:22:20 4844 [Note] Shutting down plugin 'INNODB_CMP'
2014-02-04 20:22:20 4844 [Note] Shutting down plugin 'INNODB_LOCK_WAITS'
2014-02-04 20:22:20 4844 [Note] Shutting down plugin 'INNODB_LOCKS'
2014-02-04 20:22:20 4844 [Note] Shutting down plugin 'INNODB_TRX'
2014-02-04 20:22:20 4844 [Note] Shutting down plugin 'InnoDB'
2014-02-04 20:22:20 4844 [Note] InnoDB: FTS optimize thread exiting.
2014-02-04 20:22:20 4844 [Note] InnoDB: Starting shutdown...
2014-02-04 20:22:23 4844 [Note] InnoDB: Shutdown completed; log sequence number 6662382
2014-02-04 20:22:23 4844 [Note] InnoDB: Removed temporary tablespace data file: "ibtmp1"
2014-02-04 20:22:23 4844 [Note] Shutting down plugin 'BLACKHOLE'
2014-02-04 20:22:23 4844 [Note] Shutting down plugin 'ARCHIVE'
2014-02-04 20:22:23 4844 [Note] Shutting down plugin 'MRG_MYISAM'
2014-02-04 20:22:23 4844 [Note] Shutting down plugin 'MyISAM'
2014-02-04 20:22:23 4844 [Note] Shutting down plugin 'MEMORY'
2014-02-04 20:22:23 4844 [Note] Shutting down plugin 'CSV'
2014-02-04 20:22:23 4844 [Note] Shutting down plugin 'sha256_password'
2014-02-04 20:22:23 4844 [Note] Shutting down plugin 'mysql_old_password'
2014-02-04 20:22:23 4844 [Note] Shutting down plugin 'mysql_native_password'
2014-02-04 20:22:23 4844 [Note] Shutting down plugin 'binlog'
2014-02-04 20:22:23 4844 [Note] D:\Program Files\upupw\MySQL\bin\mysqld.exe: Shutdown complete

2014-02-05 14:23:06 6008 [Note] Plugin 'FEDERATED' is disabled.
2014-02-05 14:23:06 6008 [Note] InnoDB: The InnoDB memory heap is disabled
2014-02-05 14:23:06 6008 [Note] InnoDB: Mutexes and rw_locks use Windows interlocked functions
2014-02-05 14:23:06 6008 [Note] InnoDB: Compressed tables use zlib 1.2.3
2014-02-05 14:23:06 6008 [Note] InnoDB: Not using CPU crc32 instructions
2014-02-05 14:23:06 6008 [Note] InnoDB: Initializing buffer pool, total size = 128.0M, instances = 1
2014-02-05 14:23:06 6008 [Note] InnoDB: Completed initialization of buffer pool
2014-02-05 14:23:06 6008 [ERROR] InnoDB: read can't be opened in .\ib_logfile0 mode
2014-02-05 14:23:07 6008 [ERROR] Plugin 'InnoDB' init function returned error.
2014-02-05 14:23:07 6008 [ERROR] Plugin 'InnoDB' registration as a STORAGE ENGINE failed.
2014-02-05 14:23:07 6008 [ERROR] Unknown/unsupported storage engine: InnoDB
2014-02-05 14:23:07 6008 [ERROR] Aborting

2014-02-05 14:23:07 6008 [Note] Binlog end
2014-02-05 14:23:07 6008 [Note] Shutting down plugin 'partition'
2014-02-05 14:23:07 6008 [Note] Shutting down plugin 'PERFORMANCE_SCHEMA'
2014-02-05 14:23:07 6008 [Note] Shutting down plugin 'INNODB_SYS_DATAFILES'
2014-02-05 14:23:07 6008 [Note] Shutting down plugin 'INNODB_SYS_TABLESPACES'
2014-02-05 14:23:07 6008 [Note] Shutting down plugin 'INNODB_SYS_FOREIGN_COLS'
2014-02-05 14:23:07 6008 [Note] Shutting down plugin 'INNODB_SYS_FOREIGN'
2014-02-05 14:23:07 6008 [Note] Shutting down plugin 'INNODB_SYS_FIELDS'
2014-02-05 14:23:07 6008 [Note] Shutting down plugin 'INNODB_SYS_COLUMNS'
2014-02-05 14:23:07 6008 [Note] Shutting down plugin 'INNODB_SYS_INDEXES'
2014-02-05 14:23:07 6008 [Note] Shutting down plugin 'INNODB_SYS_TABLESTATS'
2014-02-05 14:23:07 6008 [Note] Shutting down plugin 'INNODB_SYS_TABLES'
2014-02-05 14:23:07 6008 [Note] Shutting down plugin 'INNODB_FT_INDEX_TABLE'
2014-02-05 14:23:07 6008 [Note] Shutting down plugin 'INNODB_FT_INDEX_CACHE'
2014-02-05 14:23:07 6008 [Note] Shutting down plugin 'INNODB_FT_CONFIG'
2014-02-05 14:23:07 6008 [Note] Shutting down plugin 'INNODB_FT_BEING_DELETED'
2014-02-05 14:23:07 6008 [Note] Shutting down plugin 'INNODB_FT_DELETED'
2014-02-05 14:23:07 6008 [Note] Shutting down plugin 'INNODB_FT_DEFAULT_STOPWORD'
2014-02-05 14:23:07 6008 [Note] Shutting down plugin 'INNODB_METRICS'
2014-02-05 14:23:07 6008 [Note] Shutting down plugin 'INNODB_TEMP_TABLE_INFO'
2014-02-05 14:23:07 6008 [Note] Shutting down plugin 'INNODB_BUFFER_POOL_STATS'
2014-02-05 14:23:07 6008 [Note] Shutting down plugin 'INNODB_BUFFER_PAGE_LRU'
2014-02-05 14:23:07 6008 [Note] Shutting down plugin 'INNODB_BUFFER_PAGE'
2014-02-05 14:23:07 6008 [Note] Shutting down plugin 'INNODB_CMP_PER_INDEX_RESET'
2014-02-05 14:23:07 6008 [Note] Shutting down plugin 'INNODB_CMP_PER_INDEX'
2014-02-05 14:23:07 6008 [Note] Shutting down plugin 'INNODB_CMPMEM_RESET'
2014-02-05 14:23:07 6008 [Note] Shutting down plugin 'INNODB_CMPMEM'
2014-02-05 14:23:07 6008 [Note] Shutting down plugin 'INNODB_CMP_RESET'
2014-02-05 14:23:07 6008 [Note] Shutting down plugin 'INNODB_CMP'
2014-02-05 14:23:07 6008 [Note] Shutting down plugin 'INNODB_LOCK_WAITS'
2014-02-05 14:23:07 6008 [Note] Shutting down plugin 'INNODB_LOCKS'
2014-02-05 14:23:07 6008 [Note] Shutting down plugin 'INNODB_TRX'
2014-02-05 14:23:07 6008 [Note] Shutting down plugin 'BLACKHOLE'
2014-02-05 14:23:07 6008 [Note] Shutting down plugin 'ARCHIVE'
2014-02-05 14:23:07 6008 [Note] Shutting down plugin 'MRG_MYISAM'
2014-02-05 14:23:07 6008 [Note] Shutting down plugin 'MyISAM'
2014-02-05 14:23:07 6008 [Note] Shutting down plugin 'MEMORY'
2014-02-05 14:23:07 6008 [Note] Shutting down plugin 'CSV'
2014-02-05 14:23:07 6008 [Note] Shutting down plugin 'sha256_password'
2014-02-05 14:23:07 6008 [Note] Shutting down plugin 'mysql_old_password'
2014-02-05 14:23:07 6008 [Note] Shutting down plugin 'mysql_native_password'
2014-02-05 14:23:07 6008 [Note] Shutting down plugin 'binlog'
2014-02-05 14:23:07 6008 [Note] D:\Program Files\upupw\MySQL\bin\mysqld.exe: Shutdown complete

2014-02-06 13:08:22 2448 [Note] Plugin 'FEDERATED' is disabled.
2014-02-06 13:08:23 2448 [Note] InnoDB: The InnoDB memory heap is disabled
2014-02-06 13:08:23 2448 [Note] InnoDB: Mutexes and rw_locks use Windows interlocked functions
2014-02-06 13:08:23 2448 [Note] InnoDB: Compressed tables use zlib 1.2.3
2014-02-06 13:08:23 2448 [Note] InnoDB: Not using CPU crc32 instructions
2014-02-06 13:08:23 2448 [Note] InnoDB: Initializing buffer pool, total size = 128.0M, instances = 1
2014-02-06 13:08:23 2448 [Note] InnoDB: Completed initialization of buffer pool
2014-02-06 13:08:24 2448 [Note] InnoDB: Highest supported file format is Barracuda.
2014-02-06 13:08:28 2448 [Note] InnoDB: Creating shared tablespace for temporary tables
2014-02-06 13:08:28 2448 [Note] InnoDB: Setting file ".\ibtmp1" size to 12 MB
2014-02-06 13:08:28 2448 [Note] InnoDB: Database physically writes the file full: wait ...
2014-02-06 13:08:29 2448 [Note] InnoDB: 128 rollback segment(s) are active.
2014-02-06 13:08:30 2448 [Note] InnoDB: Waiting for purge to start
2014-02-06 13:08:30 2448 [Note] InnoDB: 5.7.1 started; log sequence number 6662382
2014-02-06 13:08:30 2448 [Note] Server hostname (bind-address): '*'; port: 3306
2014-02-06 13:08:30 2448 [Note] IPv6 is available.
2014-02-06 13:08:30 2448 [Note]   - '::' resolves to '::';
2014-02-06 13:08:30 2448 [Note] Server socket created on IP: '::'.
2014-02-06 13:08:31 2448 [Note] Event Scheduler: Loaded 0 events
2014-02-06 13:08:31 2448 [Note] D:\Program Files\upupw\MySQL\bin\mysqld.exe: ready for connections.
Version: '5.7.1-m11'  socket: ''  port: 3306  MySQL Community Server (GPL)
2014-02-06 23:09:33 2448 [Note] D:\Program Files\upupw\MySQL\bin\mysqld.exe: Normal shutdown

2014-02-06 23:09:33 2448 [Note] Giving 0 client threads a chance to die gracefully
2014-02-06 23:09:33 2448 [Note] Shutting down slave threads
2014-02-06 23:09:33 2448 [Note] Forcefully disconnecting 0 remaining clients
2014-02-06 23:09:33 2448 [Note] Event Scheduler: Purging the queue. 0 events
2014-02-06 23:09:33 2448 [Note] Binlog end
2014-02-06 23:09:38 2448 [Note] Shutting down plugin 'partition'
2014-02-06 23:09:38 2448 [Note] Shutting down plugin 'PERFORMANCE_SCHEMA'
2014-02-06 23:09:38 2448 [Note] Shutting down plugin 'INNODB_SYS_DATAFILES'
2014-02-06 23:09:38 2448 [Note] Shutting down plugin 'INNODB_SYS_TABLESPACES'
2014-02-06 23:09:38 2448 [Note] Shutting down plugin 'INNODB_SYS_FOREIGN_COLS'
2014-02-06 23:09:38 2448 [Note] Shutting down plugin 'INNODB_SYS_FOREIGN'
2014-02-06 23:09:38 2448 [Note] Shutting down plugin 'INNODB_SYS_FIELDS'
2014-02-06 23:09:38 2448 [Note] Shutting down plugin 'INNODB_SYS_COLUMNS'
2014-02-06 23:09:38 2448 [Note] Shutting down plugin 'INNODB_SYS_INDEXES'
2014-02-06 23:09:38 2448 [Note] Shutting down plugin 'INNODB_SYS_TABLESTATS'
2014-02-06 23:09:38 2448 [Note] Shutting down plugin 'INNODB_SYS_TABLES'
2014-02-06 23:09:38 2448 [Note] Shutting down plugin 'INNODB_FT_INDEX_TABLE'
2014-02-06 23:09:38 2448 [Note] Shutting down plugin 'INNODB_FT_INDEX_CACHE'
2014-02-06 23:09:38 2448 [Note] Shutting down plugin 'INNODB_FT_CONFIG'
2014-02-06 23:09:38 2448 [Note] Shutting down plugin 'INNODB_FT_BEING_DELETED'
2014-02-06 23:09:38 2448 [Note] Shutting down plugin 'INNODB_FT_DELETED'
2014-02-06 23:09:38 2448 [Note] Shutting down plugin 'INNODB_FT_DEFAULT_STOPWORD'
2014-02-06 23:09:38 2448 [Note] Shutting down plugin 'INNODB_METRICS'
2014-02-06 23:09:38 2448 [Note] Shutting down plugin 'INNODB_TEMP_TABLE_INFO'
2014-02-06 23:09:38 2448 [Note] Shutting down plugin 'INNODB_BUFFER_POOL_STATS'
2014-02-06 23:09:38 2448 [Note] Shutting down plugin 'INNODB_BUFFER_PAGE_LRU'
2014-02-06 23:09:38 2448 [Note] Shutting down plugin 'INNODB_BUFFER_PAGE'
2014-02-06 23:09:38 2448 [Note] Shutting down plugin 'INNODB_CMP_PER_INDEX_RESET'
2014-02-06 23:09:38 2448 [Note] Shutting down plugin 'INNODB_CMP_PER_INDEX'
2014-02-06 23:09:38 2448 [Note] Shutting down plugin 'INNODB_CMPMEM_RESET'
2014-02-06 23:09:38 2448 [Note] Shutting down plugin 'INNODB_CMPMEM'
2014-02-06 23:09:38 2448 [Note] Shutting down plugin 'INNODB_CMP_RESET'
2014-02-06 23:09:38 2448 [Note] Shutting down plugin 'INNODB_CMP'
2014-02-06 23:09:38 2448 [Note] Shutting down plugin 'INNODB_LOCK_WAITS'
2014-02-06 23:09:38 2448 [Note] Shutting down plugin 'INNODB_LOCKS'
2014-02-06 23:09:38 2448 [Note] Shutting down plugin 'INNODB_TRX'
2014-02-06 23:09:38 2448 [Note] Shutting down plugin 'InnoDB'
2014-02-06 23:09:38 2448 [Note] InnoDB: FTS optimize thread exiting.
2014-02-06 23:09:38 2448 [Note] InnoDB: Starting shutdown...
2014-02-06 23:09:51 2448 [Note] InnoDB: Shutdown completed; log sequence number 6960443
2014-02-06 23:09:51 2448 [Note] InnoDB: Removed temporary tablespace data file: "ibtmp1"
2014-02-06 23:09:51 2448 [Note] Shutting down plugin 'BLACKHOLE'
2014-02-06 23:09:51 2448 [Note] Shutting down plugin 'ARCHIVE'
2014-02-06 23:09:51 2448 [Note] Shutting down plugin 'MRG_MYISAM'
2014-02-06 23:09:51 2448 [Note] Shutting down plugin 'MyISAM'
2014-02-06 23:09:51 2448 [Note] Shutting down plugin 'MEMORY'
2014-02-06 23:09:51 2448 [Note] Shutting down plugin 'CSV'
2014-02-06 23:09:51 2448 [Note] Shutting down plugin 'sha256_password'
2014-02-06 23:09:51 2448 [Note] Shutting down plugin 'mysql_old_password'
2014-02-06 23:09:51 2448 [Note] Shutting down plugin 'mysql_native_password'
2014-02-06 23:09:51 2448 [Note] Shutting down plugin 'binlog'
2014-02-06 23:09:51 2448 [Note] D:\Program Files\upupw\MySQL\bin\mysqld.exe: Shutdown complete

